e:\visualstudio\repos\direct3dproject\project\hw3d\hw3d\debug\app.obj
e:\visualstudio\repos\direct3dproject\project\hw3d\hw3d\debug\issotimer.obj
e:\visualstudio\repos\direct3dproject\project\hw3d\hw3d\debug\windowsmessagemap.obj
e:\visualstudio\repos\direct3dproject\project\hw3d\hw3d\debug\window.obj
e:\visualstudio\repos\direct3dproject\project\hw3d\hw3d\debug\issoexception.obj
e:\visualstudio\repos\direct3dproject\project\hw3d\hw3d\debug\keyboard.obj
e:\visualstudio\repos\direct3dproject\project\hw3d\hw3d\debug\mouse.obj
e:\visualstudio\repos\direct3dproject\project\hw3d\hw3d\debug\winmain.obj
e:\visualstudio\repos\direct3dproject\project\hw3d\hw3d\debug\vc142.pdb
e:\visualstudio\repos\direct3dproject\project\hw3d\hw3d\debug\hw3d1.res
e:\visualstudio\repos\direct3dproject\project\hw3d\hw3d\debug\vc142.idb
e:\visualstudio\repos\direct3dproject\project\hw3d.pdb
e:\visualstudio\repos\direct3dproject\project\hw3d\hw3d\debug\hw3d.tlog\cl.10408.write.1.tlog
e:\visualstudio\repos\direct3dproject\project\hw3d\hw3d\debug\hw3d.tlog\cl.command.1.tlog
e:\visualstudio\repos\direct3dproject\project\hw3d\hw3d\debug\hw3d.tlog\cl.read.1.tlog
e:\visualstudio\repos\direct3dproject\project\hw3d\hw3d\debug\hw3d.tlog\link-cvtres.read.1.tlog
e:\visualstudio\repos\direct3dproject\project\hw3d\hw3d\debug\hw3d.tlog\link-cvtres.write.1.tlog
e:\visualstudio\repos\direct3dproject\project\hw3d\hw3d\debug\hw3d.tlog\link-rc.read.1.tlog
e:\visualstudio\repos\direct3dproject\project\hw3d\hw3d\debug\hw3d.tlog\link-rc.write.1.tlog
e:\visualstudio\repos\direct3dproject\project\hw3d\hw3d\debug\hw3d.tlog\link.command.1.tlog
e:\visualstudio\repos\direct3dproject\project\hw3d\hw3d\debug\hw3d.tlog\link.read.1.tlog
e:\visualstudio\repos\direct3dproject\project\hw3d\hw3d\debug\hw3d.tlog\link.write.1.tlog
e:\visualstudio\repos\direct3dproject\project\hw3d\hw3d\debug\hw3d.tlog\rc.command.1.tlog
e:\visualstudio\repos\direct3dproject\project\hw3d\hw3d\debug\hw3d.tlog\rc.read.1.tlog
e:\visualstudio\repos\direct3dproject\project\hw3d\hw3d\debug\hw3d.tlog\rc.write.1.tlog
